<?xml version="1.0" encoding="UTF-8"?>
<testng-results skipped="0" failed="0" total="2" passed="2">
  <reporter-output>
  </reporter-output>
  <suite name="Suite" duration-ms="24" started-at="2017-05-11T10:19:05Z" finished-at="2017-05-11T10:19:05Z">
    <groups>
    </groups>
    <test name="Test" duration-ms="24" started-at="2017-05-11T10:19:05Z" finished-at="2017-05-11T10:19:05Z">
      <class name="mvnproject.sample">
        <test-method status="PASS" signature="s()[pri:0, instance:mvnproject.sample@818063]" name="s" duration-ms="1" started-at="2017-05-11T15:49:05Z" finished-at="2017-05-11T15:49:05Z">
          <reporter-output>
          </reporter-output>
        </test-method> <!-- s -->
      </class> <!-- mvnproject.sample -->
      <class name="mvnproject.sample1">
        <test-method status="PASS" signature="sam()[pri:0, instance:mvnproject.sample1@580929]" name="sam" duration-ms="8" started-at="2017-05-11T15:49:05Z" finished-at="2017-05-11T15:49:05Z">
          <reporter-output>
          </reporter-output>
        </test-method> <!-- sam -->
      </class> <!-- mvnproject.sample1 -->
    </test> <!-- Test -->
  </suite> <!-- Suite -->
</testng-results>
