<?xml version="1.0" encoding="UTF-8"?>
<testng-results skipped="0" failed="0" total="1" passed="1">
  <reporter-output>
  </reporter-output>
  <suite name="Default suite" duration-ms="40" started-at="2017-05-09T12:56:07Z" finished-at="2017-05-09T12:56:07Z">
    <groups>
    </groups>
    <test name="Default test" duration-ms="40" started-at="2017-05-09T12:56:07Z" finished-at="2017-05-09T12:56:07Z">
      <class name="mvnproject.sample1">
        <test-method status="PASS" signature="sam()[pri:0, instance:mvnproject.sample1@82f6ef]" name="sam" duration-ms="14" started-at="2017-05-09T18:26:07Z" finished-at="2017-05-09T18:26:07Z">
          <reporter-output>
          </reporter-output>
        </test-method> <!-- sam -->
      </class> <!-- mvnproject.sample1 -->
    </test> <!-- Default test -->
  </suite> <!-- Default suite -->
</testng-results>
